[2018-01-15 17:44:56] orm.py WARNING :this mysql username is not root
[2018-01-15 19:57:01] orm.py WARNING :this mysql username is not root
[2018-01-15 19:57:50] orm.py WARNING :this mysql username is not root
[2018-01-15 19:58:06] orm.py WARNING :this mysql username is not root
[2018-01-15 19:58:34] orm.py WARNING :this mysql username is not root
[2018-01-15 19:59:23] orm.py WARNING :this mysql username is not root
[2018-01-15 20:00:33] orm.py WARNING :this mysql username is not root
[2018-01-15 20:01:00] orm.py WARNING :this mysql username is not root
[2018-01-15 20:01:42] orm.py WARNING :this mysql username is not root
[2018-01-15 20:01:58] orm.py WARNING :this mysql username is not root
[2018-01-15 20:18:04] orm.py WARNING :this mysql username is not root
[2018-01-15 20:20:21] orm.py WARNING :this mysql username is not root
[2018-01-15 20:20:54] orm.py WARNING :this mysql username is not root
[2018-01-15 20:26:45] orm.py WARNING :this mysql username is not root
[2018-01-15 20:27:15] orm.py WARNING :this mysql username is not root
[2018-01-15 20:27:36] orm.py WARNING :this mysql username is not root
[2018-01-15 20:28:09] orm.py WARNING :this mysql username is not root
[2018-01-15 20:28:50] orm.py WARNING :this mysql username is not root
[2018-01-15 20:29:08] orm.py WARNING :this mysql username is not root
[2018-01-15 20:30:11] orm.py WARNING :this mysql username is not root
[2018-01-15 20:30:24] orm.py WARNING :this mysql username is not root
[2018-01-15 20:30:34] orm.py WARNING :this mysql username is not root
[2018-01-15 20:40:28] orm.py WARNING :this mysql username is not root
[2018-01-15 20:41:26] orm.py WARNING :this mysql username is not root
[2018-01-15 20:41:55] orm.py WARNING :this mysql username is not root
[2018-01-15 20:42:56] orm.py WARNING :this mysql username is not root
[2018-01-15 20:43:19] orm.py WARNING :this mysql username is not root
[2018-01-15 20:44:13] orm.py WARNING :this mysql username is not root
[2018-01-15 20:45:19] orm.py WARNING :this mysql username is not root
[2018-01-15 20:46:28] orm.py WARNING :this mysql username is not root
[2018-01-15 20:47:04] orm.py WARNING :this mysql username is not root
[2018-01-15 20:47:22] orm.py WARNING :this mysql username is not root
[2018-01-15 20:49:03] orm.py WARNING :this mysql username is not root
[2018-01-15 20:49:38] orm.py WARNING :this mysql username is not root
[2018-01-15 20:50:29] orm.py WARNING :this mysql username is not root
[2018-01-15 20:51:04] orm.py WARNING :this mysql username is not root
[2018-01-15 20:51:20] orm.py WARNING :this mysql username is not root
[2018-01-15 20:52:16] orm.py WARNING :this mysql username is not root
[2018-01-15 20:54:43] orm.py WARNING :this mysql username is not root
[2018-01-17 15:29:32] orm.py WARNING :this mysql username is not root
[2018-01-17 15:29:32] Main.py INFO :开始第一次初始化数据统计
[2018-01-17 15:29:32] updata_all_count.py INFO :start updata all count table
[2018-01-17 15:30:33] updata_stu_sleep_count.py INFO :start updata stu_sleep_count
[2018-01-17 15:31:06] updata_stu_sleep_count.py INFO :updata stu_sleep_count is ok
[2018-01-17 15:31:06] updata_stu_cost_count.py INFO :start updata stu_cost_count
[2018-01-17 15:31:41] updata_stu_cost_count.py INFO :updata stu_cost_count is ok
[2018-01-17 15:31:41] updata_stu_score_count.py INFO :start updata stu_score_count
[2018-01-17 15:31:42] updata_stu_score_count.py INFO :updata stu_score_count is ok
[2018-01-17 15:31:42] updata_all_count.py INFO :finish updata all count table
[2018-01-17 15:31:42] Main.py INFO :第一次初始化数据统计完成
[2018-01-17 15:34:34] orm.py WARNING :this mysql username is not root
[2018-01-17 15:34:34] Main.py INFO :开始第一次初始化数据统计
[2018-01-17 15:34:34] updata_all_count.py INFO :start updata all count table
[2018-01-17 15:34:34] updata_all_count.py INFO :start delete data
[2018-01-17 15:34:40] updata_all_count.py INFO :finish delete data
[2018-01-17 15:34:40] updata_stu_sleep_count.py INFO :start updata stu_sleep_count
[2018-01-17 15:34:40] updata_stu_sleep_count.py INFO :updata stu_sleep_count is ok
[2018-01-17 15:34:40] updata_stu_cost_count.py INFO :start updata stu_cost_count
[2018-01-17 15:34:41] updata_stu_cost_count.py INFO :updata stu_cost_count is ok
[2018-01-17 15:34:41] updata_stu_score_count.py INFO :start updata stu_score_count
[2018-01-17 15:34:41] updata_stu_score_count.py INFO :updata stu_score_count is ok
[2018-01-17 15:34:41] updata_all_count.py INFO :finish updata all count table
[2018-01-17 15:34:41] Main.py INFO :第一次初始化数据统计完成
[2018-01-17 15:36:00] orm.py WARNING :this mysql username is not root
[2018-01-17 15:36:00] Main.py INFO :开始第一次初始化数据统计
[2018-01-17 15:36:00] updata_all_count.py INFO :start updata all count table
[2018-01-17 15:36:00] updata_all_count.py INFO :start delete data
[2018-01-17 15:36:06] updata_all_count.py INFO :finish delete data
[2018-01-17 15:36:06] updata_stu_sleep_count.py INFO :start updata stu_sleep_count
[2018-01-17 15:36:07] updata_stu_sleep_count.py INFO :updata stu_sleep_count is ok
[2018-01-17 15:36:07] updata_stu_cost_count.py INFO :start updata stu_cost_count
[2018-01-17 15:36:07] updata_stu_cost_count.py INFO :updata stu_cost_count is ok
[2018-01-17 15:36:07] updata_stu_score_count.py INFO :start updata stu_score_count
[2018-01-17 15:36:08] updata_stu_score_count.py INFO :updata stu_score_count is ok
[2018-01-17 15:36:08] updata_all_count.py INFO :finish updata all count table
[2018-01-17 15:36:08] Main.py INFO :第一次初始化数据统计完成
